<?xml version="1.0" encoding="UTF-8"?>
<!-- Generated by org.testng.reporters.JUnitXMLReporter -->
<testsuite ignored="0" hostname="DESKTOP-QQEA96G" failures="0" tests="8" name="Default test" time="22.136" errors="0" timestamp="2022-07-23T19:40:39 IST">
  <testcase classname="com.sgtesting.tests.Assign8ImportTask" name="LaunchBrowser" time="4.021"/>
  <testcase classname="com.sgtesting.tests.Assign8ImportTask" name="Navigate" time="1.095"/>
  <testcase classname="com.sgtesting.tests.Assign8ImportTask" name="Login" time="2.221"/>
  <testcase classname="com.sgtesting.tests.Assign8ImportTask" name="MinimizFlyoutWindow" time="2.082"/>
  <testcase classname="com.sgtesting.tests.Assign8ImportTask" name="ImportTask" time="10.745"/>
  <testcase classname="com.sgtesting.tests.Assign8ImportTask" name="DeleteTask" time="0.032"/>
  <testcase classname="com.sgtesting.tests.Assign8ImportTask" name="Logout" time="1.125"/>
  <testcase classname="com.sgtesting.tests.Assign8ImportTask" name="CloseApplication" time="0.726"/>
</testsuite> <!-- Default test -->
