<?xml version="1.0" encoding="UTF-8"?>
<testng-results ignored="0" total="8" passed="8" failed="0" skipped="0">
  <reporter-output>
  </reporter-output>
  <suite started-at="2022-07-23T19:40:17 IST" name="Default suite" finished-at="2022-07-23T19:40:39 IST" duration-ms="22136">
    <groups>
    </groups>
    <test started-at="2022-07-23T19:40:17 IST" name="Default test" finished-at="2022-07-23T19:40:39 IST" duration-ms="22136">
      <class name="com.sgtesting.tests.Assign8ImportTask">
        <test-method signature="LaunchBrowser()[pri:1, instance:com.sgtesting.tests.Assign8ImportTask@63a12c68]" started-at="2022-07-23T19:40:17 IST" name="LaunchBrowser" finished-at="2022-07-23T19:40:21 IST" duration-ms="4021" status="PASS">
          <reporter-output>
          </reporter-output>
        </test-method> <!-- LaunchBrowser -->
        <test-method signature="Navigate()[pri:2, instance:com.sgtesting.tests.Assign8ImportTask@63a12c68]" started-at="2022-07-23T19:40:21 IST" name="Navigate" finished-at="2022-07-23T19:40:22 IST" duration-ms="1095" status="PASS">
          <reporter-output>
          </reporter-output>
        </test-method> <!-- Navigate -->
        <test-method signature="Login()[pri:3, instance:com.sgtesting.tests.Assign8ImportTask@63a12c68]" started-at="2022-07-23T19:40:22 IST" name="Login" finished-at="2022-07-23T19:40:24 IST" duration-ms="2221" status="PASS">
          <reporter-output>
          </reporter-output>
        </test-method> <!-- Login -->
        <test-method signature="MinimizFlyoutWindow()[pri:4, instance:com.sgtesting.tests.Assign8ImportTask@63a12c68]" started-at="2022-07-23T19:40:24 IST" name="MinimizFlyoutWindow" finished-at="2022-07-23T19:40:26 IST" duration-ms="2082" status="PASS">
          <reporter-output>
          </reporter-output>
        </test-method> <!-- MinimizFlyoutWindow -->
        <test-method signature="ImportTask()[pri:5, instance:com.sgtesting.tests.Assign8ImportTask@63a12c68]" started-at="2022-07-23T19:40:26 IST" name="ImportTask" finished-at="2022-07-23T19:40:37 IST" duration-ms="10745" status="PASS">
          <reporter-output>
          </reporter-output>
        </test-method> <!-- ImportTask -->
        <test-method signature="DeleteTask()[pri:6, instance:com.sgtesting.tests.Assign8ImportTask@63a12c68]" started-at="2022-07-23T19:40:37 IST" name="DeleteTask" finished-at="2022-07-23T19:40:37 IST" duration-ms="32" status="PASS">
          <reporter-output>
          </reporter-output>
        </test-method> <!-- DeleteTask -->
        <test-method signature="Logout()[pri:7, instance:com.sgtesting.tests.Assign8ImportTask@63a12c68]" started-at="2022-07-23T19:40:37 IST" name="Logout" finished-at="2022-07-23T19:40:38 IST" duration-ms="1125" status="PASS">
          <reporter-output>
          </reporter-output>
        </test-method> <!-- Logout -->
        <test-method signature="CloseApplication()[pri:8, instance:com.sgtesting.tests.Assign8ImportTask@63a12c68]" started-at="2022-07-23T19:40:38 IST" name="CloseApplication" finished-at="2022-07-23T19:40:39 IST" duration-ms="726" status="PASS">
          <reporter-output>
          </reporter-output>
        </test-method> <!-- CloseApplication -->
      </class> <!-- com.sgtesting.tests.Assign8ImportTask -->
    </test> <!-- Default test -->
  </suite> <!-- Default suite -->
</testng-results>
